<?xml version="1.0" encoding="UTF-8"?>
<!-- Generated by org.testng.reporters.JUnitXMLReporter -->
<testsuite hostname="DESKTOP-708UHHR" ignored="0" name="Sanity" tests="8" failures="1" timestamp="2020-12-14T02:15:33 IST" time="57.654" errors="0">
  <testcase name="alert" time="7.087" classname="com.test.HandleAlert"/>
  <testcase name="dragAndDrop" time="3.922" classname="com.test.ActionClass"/>
  <testcase name="dragAndDrop1" time="1.231" classname="com.test.ActionClass"/>
  <testcase name="mouseMoveOn" time="1.444" classname="com.test.ActionClass"/>
  <testcase name="radioButton" time="1.485" classname="com.test.ActionClass"/>
  <testcase name="checkBox" time="4.577" classname="com.test.SeleniumForm"/>
  <testcase name="radioButton" time="1.481" classname="com.test.SeleniumForm"/>
  <testcase name="testMethod" time="3.0" classname="com.test.SeleniumForm">
    <failure type="junit.framework.ComparisonFailure" message="expected:&amp;lt;&amp;gt; but was:&amp;lt;Current Address :A 10 Sector 20&amp;gt;">
      <![CDATA[junit.framework.ComparisonFailure: expected:<> but was:<Current Address :A 10 Sector 20>
at junit.framework.Assert.assertEquals(Assert.java:81)
at junit.framework.Assert.assertEquals(Assert.java:87)
at com.test.SeleniumForm.testMethod(SeleniumForm.java:81)
at java.util.ArrayList.forEach(ArrayList.java:1257)
at java.util.concurrent.FutureTask.run(FutureTask.java:266)
at java.util.concurrent.ThreadPoolExecutor.runWorker(ThreadPoolExecutor.java:1149)
at java.util.concurrent.ThreadPoolExecutor$Worker.run(ThreadPoolExecutor.java:624)
at java.lang.Thread.run(Thread.java:748)
... Removed 18 stack frames]]>
    </failure>
  </testcase> <!-- testMethod -->
</testsuite> <!-- Sanity -->
